<?xml version="1.0" encoding="UTF-8"?>
<testng-results ignored="0" total="1" passed="1" failed="0" skipped="0">
  <reporter-output>
  </reporter-output>
  <suite started-at="2021-08-03T15:44:34 IST" name="Default suite" finished-at="2021-08-03T15:44:36 IST" duration-ms="1414">
    <groups>
    </groups>
    <test started-at="2021-08-03T15:44:34 IST" name="Default test" finished-at="2021-08-03T15:44:36 IST" duration-ms="1414">
      <class name="com.parameters.PathParameterTest">
        <test-method signature="parameter()[pri:0, instance:com.parameters.PathParameterTest@5403f35f]" started-at="2021-08-03T15:44:34 IST" name="parameter" finished-at="2021-08-03T15:44:36 IST" duration-ms="1374" status="PASS">
          <reporter-output>
          </reporter-output>
        </test-method> <!-- parameter -->
      </class> <!-- com.parameters.PathParameterTest -->
    </test> <!-- Default test -->
  </suite> <!-- Default suite -->
</testng-results>
